2022-06-04 15:58:12.588273 [info] : ========== Server init ==========
2022-06-04 15:58:12.588285 [info] : Port:80, OpenLinger: false
2022-06-04 15:58:12.588289 [info] : Listen Mode: ET, OpenConn Mode: ET
2022-06-04 15:58:12.588292 [info] : LogSys level: 0
2022-06-04 15:58:12.588295 [info] : srcDir: /root/Job/MyWebServer/resources/
2022-06-04 15:58:12.588298 [info] : SqlConnPool num: 12, ThreadPool num: 6
2022-06-04 15:58:12.588301 [info] : ========== Server start ==========
2022-06-04 15:58:15.037465 [info] : Client[19](0.0.0.0:0) in, userCount:1
2022-06-04 15:58:15.037564 [info] : Client[19] in!
2022-06-04 15:58:15.039602 [info] : Client[20](0.0.0.0:0) in, userCount:2
2022-06-04 15:58:15.039636 [info] : Client[20] in!
2022-06-04 15:58:15.047946 [debug]: [GET], [/index.html], [1.1]
2022-06-04 15:58:15.047973 [debug]: /index.html
2022-06-04 15:58:15.048000 [debug]: file path /root/Job/MyWebServer/resources//index.html
2022-06-04 15:58:15.048564 [debug]: filesize:968, 2  to 1089
2022-06-04 15:58:15.208105 [debug]: [GET], [/favicon.ico], [1.1]
2022-06-04 15:58:15.208161 [debug]: /favicon.ico
2022-06-04 15:58:15.208201 [debug]: file path /root/Job/MyWebServer/resources//404.html
2022-06-04 15:58:15.209147 [debug]: filesize:971, 2  to 1099
2022-06-04 16:01:25.347821 [info] : ========== Server init ==========
2022-06-04 16:01:25.347830 [info] : Port:80, OpenLinger: false
2022-06-04 16:01:25.347834 [info] : Listen Mode: ET, OpenConn Mode: ET
2022-06-04 16:01:25.347836 [info] : LogSys level: 0
2022-06-04 16:01:25.347839 [info] : srcDir: /root/Job/MyWebServer/resources/
2022-06-04 16:01:25.347842 [info] : SqlConnPool num: 12, ThreadPool num: 6
2022-06-04 16:01:25.347845 [info] : ========== Server start ==========
2022-06-04 16:01:28.546726 [info] : Client[19](0.0.0.0:0) in, userCount:1
2022-06-04 16:01:28.546823 [info] : Client[19] in!
2022-06-04 16:01:28.550690 [info] : Client[20](0.0.0.0:0) in, userCount:2
2022-06-04 16:01:28.550739 [info] : Client[20] in!
2022-06-04 16:01:28.556656 [debug]: [GET], [/index.html], [1.1]
2022-06-04 16:01:28.556681 [debug]: /index.html
2022-06-04 16:01:28.556718 [debug]: file path /root/Job/MyWebServer/resources//index.html
2022-06-04 16:01:28.556738 [debug]: filesize:958, 2  to 1079
2022-06-04 16:01:30.891528 [debug]: [GET], [/index.html], [1.1]
2022-06-04 16:01:30.891596 [debug]: /index.html
2022-06-04 16:01:30.891637 [debug]: file path /root/Job/MyWebServer/resources//index.html
2022-06-04 16:01:30.891649 [debug]: filesize:958, 2  to 1079
2022-06-04 16:01:31.116559 [debug]: [GET], [/images/favicon.ico], [1.1]
2022-06-04 16:01:31.116618 [debug]: /images/favicon.ico
2022-06-04 16:01:31.116655 [debug]: file path /root/Job/MyWebServer/resources//images/favicon.ico
2022-06-04 16:01:31.116670 [debug]: filesize:10945, 2  to 11069
2022-06-04 16:01:32.191235 [debug]: [GET], [/index.html], [1.1]
2022-06-04 16:01:32.191301 [debug]: /index.html
2022-06-04 16:01:32.191345 [debug]: file path /root/Job/MyWebServer/resources//index.html
2022-06-04 16:01:32.191363 [debug]: filesize:958, 2  to 1079
2022-06-04 16:01:33.766563 [debug]: [GET], [/picture.html], [1.1]
2022-06-04 16:01:33.766629 [debug]: /picture.html
2022-06-04 16:01:33.766674 [debug]: file path /root/Job/MyWebServer/resources//picture.html
2022-06-04 16:01:33.767318 [debug]: filesize:1849, 2  to 1971
2022-06-04 16:01:33.912524 [debug]: [GET], [/images/instagram-image2.jpg], [1.1]
2022-06-04 16:01:33.912588 [debug]: /images/instagram-image2.jpg
2022-06-04 16:01:33.912618 [debug]: file path /root/Job/MyWebServer/resources//images/instagram-image2.jpg
2022-06-04 16:01:33.912646 [debug]: filesize:67313, 2  to 67437
2022-06-04 16:01:33.916362 [debug]: [GET], [/images/instagram-image1.jpg], [1.1]
2022-06-04 16:01:33.916400 [debug]: /images/instagram-image1.jpg
2022-06-04 16:01:33.916431 [debug]: file path /root/Job/MyWebServer/resources//images/instagram-image1.jpg
2022-06-04 16:01:33.916448 [debug]: filesize:75836, 2  to 75960
2022-06-04 16:01:33.956786 [info] : Client[21](0.0.0.0:0) in, userCount:3
2022-06-04 16:01:33.956855 [info] : Client[21] in!
2022-06-04 16:01:33.959623 [info] : Client[22](0.0.0.0:0) in, userCount:4
2022-06-04 16:01:33.959654 [info] : Client[22] in!
2022-06-04 16:01:33.965205 [debug]: [GET], [/images/instagram-image3.jpg], [1.1]
2022-06-04 16:01:33.965246 [debug]: /images/instagram-image3.jpg
2022-06-04 16:01:33.965268 [debug]: file path /root/Job/MyWebServer/resources//images/instagram-image3.jpg
2022-06-04 16:01:33.965292 [debug]: filesize:59528, 2  to 59652
2022-06-04 16:01:33.967342 [debug]: [GET], [/images/instagram-image4.jpg], [1.1]
2022-06-04 16:01:33.967376 [debug]: /images/instagram-image4.jpg
2022-06-04 16:01:33.967394 [debug]: file path /root/Job/MyWebServer/resources//images/instagram-image4.jpg
2022-06-04 16:01:33.967411 [debug]: filesize:103418, 2  to 103543
2022-06-04 16:01:34.000378 [info] : Client[23](0.0.0.0:0) in, userCount:5
2022-06-04 16:01:34.000425 [info] : Client[23] in!
2022-06-04 16:01:34.010874 [debug]: [GET], [/images/instagram-image5.jpg], [1.1]
2022-06-04 16:01:34.010904 [debug]: /images/instagram-image5.jpg
2022-06-04 16:01:34.010924 [debug]: file path /root/Job/MyWebServer/resources//images/instagram-image5.jpg
2022-06-04 16:01:34.010947 [debug]: filesize:49545, 2  to 49669
2022-06-04 16:01:38.207282 [debug]: [GET], [/video.html], [1.1]
2022-06-04 16:01:38.207338 [debug]: /video.html
2022-06-04 16:01:38.207399 [debug]: file path /root/Job/MyWebServer/resources//video.html
2022-06-04 16:01:38.207415 [debug]: filesize:1239, 2  to 1361
2022-06-04 16:01:38.347493 [debug]: [GET], [/video/xxx.mp4], [1.1]
2022-06-04 16:01:38.347554 [debug]: /video/xxx.mp4
2022-06-04 16:01:38.347615 [debug]: file path /root/Job/MyWebServer/resources//404.html
2022-06-04 16:01:38.347631 [debug]: filesize:971, 2  to 1099
2022-06-04 16:01:45.847228 [debug]: [GET], [/video.html], [1.1]
2022-06-04 16:01:45.847277 [debug]: /video.html
2022-06-04 16:01:45.847316 [debug]: file path /root/Job/MyWebServer/resources//video.html
2022-06-04 16:01:45.847334 [debug]: filesize:1239, 2  to 1361
2022-06-04 16:01:46.047646 [debug]: [GET], [/video/xxx.mp4], [1.1]
2022-06-04 16:01:46.047724 [debug]: /video/xxx.mp4
2022-06-04 16:01:46.047799 [debug]: file path /root/Job/MyWebServer/resources//404.html
2022-06-04 16:01:46.047834 [debug]: filesize:971, 2  to 1099
2022-06-04 16:01:48.347380 [debug]: [GET], [/login.html], [1.1]
2022-06-04 16:01:48.347430 [debug]: /login.html
2022-06-04 16:01:48.347466 [debug]: file path /root/Job/MyWebServer/resources//login.html
2022-06-04 16:01:48.348022 [debug]: filesize:1556, 2  to 1678
2022-06-04 16:01:49.647589 [debug]: [GET], [/register.html], [1.1]
2022-06-04 16:01:49.647652 [debug]: /register.html
2022-06-04 16:01:49.647695 [debug]: file path /root/Job/MyWebServer/resources//register.html
2022-06-04 16:01:49.648332 [debug]: filesize:1559, 2  to 1681
2022-06-04 16:01:51.227478 [debug]: [GET], [/video.html], [1.1]
2022-06-04 16:01:51.227560 [debug]: /video.html
2022-06-04 16:01:51.227602 [debug]: file path /root/Job/MyWebServer/resources//video.html
2022-06-04 16:01:51.227620 [debug]: filesize:1239, 2  to 1361
2022-06-04 16:04:22.288009 [info] : ========== Server init ==========
2022-06-04 16:04:22.288018 [info] : Port:80, OpenLinger: false
2022-06-04 16:04:22.288022 [info] : Listen Mode: ET, OpenConn Mode: ET
2022-06-04 16:04:22.288025 [info] : LogSys level: 0
2022-06-04 16:04:22.288027 [info] : srcDir: /root/Job/MyWebServer/resources/
2022-06-04 16:04:22.288030 [info] : SqlConnPool num: 12, ThreadPool num: 6
2022-06-04 16:04:22.288033 [info] : ========== Server start ==========
2022-06-04 16:04:25.116960 [info] : Client[19](0.0.0.0:0) in, userCount:1
2022-06-04 16:04:25.117025 [info] : Client[19] in!
2022-06-04 16:04:25.118033 [info] : Client[20](0.0.0.0:0) in, userCount:2
2022-06-04 16:04:25.118064 [info] : Client[20] in!
2022-06-04 16:04:25.127672 [debug]: [GET], [/video.html], [1.1]
2022-06-04 16:04:25.127698 [debug]: /video.html
2022-06-04 16:04:25.127720 [debug]: file path /root/Job/MyWebServer/resources//video.html
2022-06-04 16:04:25.127738 [debug]: filesize:1242, 2  to 1364
2022-06-04 16:04:25.287603 [debug]: [GET], [/video/kong.mp4], [1.1]
2022-06-04 16:04:25.287664 [debug]: /video/kong.mp4
2022-06-04 16:04:25.287705 [debug]: file path /root/Job/MyWebServer/resources//video/kong.mp4
2022-06-04 16:04:25.287725 [debug]: filesize:28627827, 2  to 28627954
2022-06-04 16:04:25.448826 [debug]: [GET], [/images/favicon.ico], [1.1]
2022-06-04 16:04:25.448900 [debug]: /images/favicon.ico
2022-06-04 16:04:25.448926 [debug]: file path /root/Job/MyWebServer/resources//images/favicon.ico
2022-06-04 16:04:25.448943 [debug]: filesize:10945, 2  to 11069
2022-06-04 16:04:28.166871 [info] : Client[19] quit!
2022-06-04 16:04:28.167023 [info] : Client[19](0.0.0.0:0) quit, UserCount:1
2022-06-04 16:04:39.644053 [info] : Client[19](0.0.0.0:0) in, userCount:2
2022-06-04 16:04:39.644124 [info] : Client[19] in!
2022-06-04 16:04:39.664682 [debug]: [GET], [/index.html], [1.1]
2022-06-04 16:04:39.664724 [debug]: /index.html
2022-06-04 16:04:39.664754 [debug]: file path /root/Job/MyWebServer/resources//index.html
2022-06-04 16:04:39.664775 [debug]: filesize:958, 2  to 1079
2022-06-04 16:04:39.685768 [info] : Client[19] quit!
2022-06-04 16:04:39.685883 [info] : Client[19](0.0.0.0:0) quit, UserCount:1
2022-06-04 16:05:25.494192 [info] : Client[20] quit!
2022-06-04 16:05:25.494346 [info] : Client[20](0.0.0.0:0) quit, UserCount:0
2022-06-04 16:06:52.508523 [info] : ========== Server init ==========
2022-06-04 16:06:52.508532 [info] : Port:80, OpenLinger: false
2022-06-04 16:06:52.508536 [info] : Listen Mode: ET, OpenConn Mode: ET
2022-06-04 16:06:52.508539 [info] : LogSys level: 0
2022-06-04 16:06:52.508542 [info] : srcDir: /root/Job/MyWebServer/resources/
2022-06-04 16:06:52.508544 [info] : SqlConnPool num: 12, ThreadPool num: 6
2022-06-04 16:06:52.508548 [info] : ========== Server start ==========
2022-06-04 16:06:55.737543 [info] : Client[19](0.0.0.0:0) in, userCount:1
2022-06-04 16:06:55.737626 [info] : Client[19] in!
2022-06-04 16:06:55.763154 [debug]: [GET], [/index.html], [1.1]
2022-06-04 16:06:55.763207 [debug]: /index.html
2022-06-04 16:06:55.763235 [debug]: file path /root/Job/MyWebServer/resources//index.html
2022-06-04 16:06:55.763254 [debug]: filesize:1234, 2  to 1356
2022-06-04 16:06:55.763794 [info] : Client[20](0.0.0.0:0) in, userCount:2
2022-06-04 16:06:55.763821 [info] : Client[20] in!
2022-06-04 16:06:55.887911 [debug]: [GET], [/images/profile-image.jpg], [1.1]
2022-06-04 16:06:55.887970 [debug]: /images/profile-image.jpg
2022-06-04 16:06:55.888011 [debug]: file path /root/Job/MyWebServer/resources//images/profile-image.jpg
2022-06-04 16:06:55.888028 [debug]: filesize:65598, 2  to 65722
2022-06-04 16:06:57.921704 [info] : Client[21](0.0.0.0:0) in, userCount:3
2022-06-04 16:06:57.921771 [info] : Client[21] in!
2022-06-04 16:06:57.929220 [debug]: [GET], [/favicon.ico], [1.1]
2022-06-04 16:06:57.929250 [debug]: /favicon.ico
2022-06-04 16:06:57.929272 [debug]: file path /root/Job/MyWebServer/resources//404.html
2022-06-04 16:06:57.929285 [debug]: filesize:971, 2  to 1099
2022-06-04 16:06:57.968455 [info] : Client[21] quit!
2022-06-04 16:06:57.968585 [info] : Client[21](0.0.0.0:0) quit, UserCount:2
2022-06-04 16:07:41.720712 [info] : Client[21](0.0.0.0:0) in, userCount:3
2022-06-04 16:07:41.720784 [info] : Client[21] in!
2022-06-04 16:07:41.728520 [debug]: [GET], [/index.html], [1.1]
2022-06-04 16:07:41.728562 [debug]: /index.html
2022-06-04 16:07:41.728587 [debug]: file path /root/Job/MyWebServer/resources//index.html
2022-06-04 16:07:41.728611 [debug]: filesize:1234, 2  to 1356
2022-06-04 16:08:34.334421 [info] : ========== Server init ==========
2022-06-04 16:08:34.334430 [info] : Port:80, OpenLinger: false
2022-06-04 16:08:34.334434 [info] : Listen Mode: ET, OpenConn Mode: ET
2022-06-04 16:08:34.334437 [info] : LogSys level: 0
2022-06-04 16:08:34.334439 [info] : srcDir: /root/Job/MyWebServer/resources/
2022-06-04 16:08:34.334442 [info] : SqlConnPool num: 12, ThreadPool num: 6
2022-06-04 16:08:34.334445 [info] : ========== Server start ==========
2022-06-04 16:09:08.238250 [info] : Client[19](0.0.0.0:0) in, userCount:1
2022-06-04 16:09:08.238329 [info] : Client[19] in!
2022-06-04 16:09:08.240244 [info] : Client[20](0.0.0.0:0) in, userCount:2
2022-06-04 16:09:08.240284 [info] : Client[20] in!
2022-06-04 16:09:08.251069 [debug]: [GET], [/index.html], [1.1]
2022-06-04 16:09:08.251108 [debug]: /index.html
2022-06-04 16:09:08.251136 [debug]: file path /root/Job/MyWebServer/resources//index.html
2022-06-04 16:09:08.251153 [debug]: filesize:1234, 2  to 1356
2022-06-04 16:09:08.370951 [debug]: [GET], [/images/profile-image.jpg], [1.1]
2022-06-04 16:09:08.371012 [debug]: /images/profile-image.jpg
2022-06-04 16:09:08.371054 [debug]: file path /root/Job/MyWebServer/resources//images/profile-image.jpg
2022-06-04 16:09:08.371070 [debug]: filesize:65598, 2  to 65722
2022-06-04 16:09:08.530925 [debug]: [GET], [/images/favicon.ico], [1.1]
2022-06-04 16:09:08.530984 [debug]: /images/favicon.ico
2022-06-04 16:09:08.531030 [debug]: file path /root/Job/MyWebServer/resources//images/favicon.ico
2022-06-04 16:09:08.531043 [debug]: filesize:10945, 2  to 11069
2022-06-04 16:09:10.165716 [debug]: [GET], [/index.html], [1.1]
2022-06-04 16:09:10.165778 [debug]: /index.html
2022-06-04 16:09:10.165831 [debug]: file path /root/Job/MyWebServer/resources//index.html
2022-06-04 16:09:10.165850 [debug]: filesize:1234, 2  to 1356
2022-06-04 16:09:10.370696 [debug]: [GET], [/images/profile-image.jpg], [1.1]
2022-06-04 16:09:10.370758 [debug]: /images/profile-image.jpg
2022-06-04 16:09:10.370800 [debug]: file path /root/Job/MyWebServer/resources//images/profile-image.jpg
2022-06-04 16:09:10.370819 [debug]: filesize:65598, 2  to 65722
2022-06-04 16:09:13.390750 [debug]: [GET], [/picture.html], [1.1]
2022-06-04 16:09:13.390810 [debug]: /picture.html
2022-06-04 16:09:13.390866 [debug]: file path /root/Job/MyWebServer/resources//picture.html
2022-06-04 16:09:13.390889 [debug]: filesize:1849, 2  to 1971
2022-06-04 16:09:13.628441 [debug]: [GET], [/images/instagram-image2.jpg], [1.1]
2022-06-04 16:09:13.628507 [debug]: /images/instagram-image2.jpg
2022-06-04 16:09:13.628545 [debug]: file path /root/Job/MyWebServer/resources//images/instagram-image2.jpg
2022-06-04 16:09:13.628570 [debug]: filesize:67313, 2  to 67437
2022-06-04 16:09:13.630493 [debug]: [GET], [/images/instagram-image1.jpg], [1.1]
2022-06-04 16:09:13.630515 [debug]: /images/instagram-image1.jpg
2022-06-04 16:09:13.630546 [debug]: file path /root/Job/MyWebServer/resources//images/instagram-image1.jpg
2022-06-04 16:09:13.630560 [debug]: filesize:75836, 2  to 75960
2022-06-04 16:09:13.677314 [info] : Client[21](0.0.0.0:0) in, userCount:3
2022-06-04 16:09:13.677402 [info] : Client[21] in!
2022-06-04 16:09:13.682800 [debug]: [GET], [/images/instagram-image3.jpg], [1.1]
2022-06-04 16:09:13.682827 [debug]: /images/instagram-image3.jpg
2022-06-04 16:09:13.682848 [debug]: file path /root/Job/MyWebServer/resources//images/instagram-image3.jpg
2022-06-04 16:09:13.682869 [debug]: filesize:59528, 2  to 59652
2022-06-04 16:09:13.718076 [info] : Client[22](0.0.0.0:0) in, userCount:4
2022-06-04 16:09:13.718140 [info] : Client[22] in!
2022-06-04 16:09:13.720407 [info] : Client[23](0.0.0.0:0) in, userCount:5
2022-06-04 16:09:13.720436 [info] : Client[23] in!
2022-06-04 16:09:13.728604 [debug]: [GET], [/images/instagram-image4.jpg], [1.1]
2022-06-04 16:09:13.728630 [debug]: /images/instagram-image4.jpg
2022-06-04 16:09:13.728651 [debug]: file path /root/Job/MyWebServer/resources//images/instagram-image4.jpg
2022-06-04 16:09:13.728672 [debug]: filesize:103418, 2  to 103543
2022-06-04 16:09:13.730921 [debug]: [GET], [/images/instagram-image5.jpg], [1.1]
2022-06-04 16:09:13.730942 [debug]: /images/instagram-image5.jpg
2022-06-04 16:09:13.730957 [debug]: file path /root/Job/MyWebServer/resources//images/instagram-image5.jpg
2022-06-04 16:09:13.730971 [debug]: filesize:49545, 2  to 49669
2022-06-04 16:09:15.010763 [debug]: [GET], [/video.html], [1.1]
2022-06-04 16:09:15.010819 [debug]: /video.html
2022-06-04 16:09:15.010868 [debug]: file path /root/Job/MyWebServer/resources//video.html
2022-06-04 16:09:15.010896 [debug]: filesize:1242, 2  to 1364
2022-06-04 16:09:15.150894 [debug]: [GET], [/video/kong.mp4], [1.1]
2022-06-04 16:09:15.150958 [debug]: /video/kong.mp4
2022-06-04 16:09:15.151005 [debug]: file path /root/Job/MyWebServer/resources//video/kong.mp4
2022-06-04 16:09:15.151028 [debug]: filesize:28627827, 2  to 28627954
2022-06-04 16:09:17.359541 [debug]: [GET], [/login.html], [1.1]
2022-06-04 16:09:17.359621 [debug]: /login.html
2022-06-04 16:09:17.359680 [debug]: file path /root/Job/MyWebServer/resources//login.html
2022-06-04 16:09:17.359697 [debug]: filesize:1556, 2  to 1678
2022-06-04 16:09:18.688532 [debug]: [GET], [/register.html], [1.1]
2022-06-04 16:09:18.688594 [debug]: /register.html
2022-06-04 16:09:18.688640 [debug]: file path /root/Job/MyWebServer/resources//register.html
2022-06-04 16:09:18.688658 [debug]: filesize:1559, 2  to 1681
2022-06-04 16:09:29.603510 [debug]: [GET], [/picture.html], [1.1]
2022-06-04 16:09:29.603571 [debug]: /picture.html
2022-06-04 16:09:29.603628 [debug]: file path /root/Job/MyWebServer/resources//picture.html
2022-06-04 16:09:29.603644 [debug]: filesize:1849, 2  to 1971
2022-06-04 16:09:29.700285 [info] : Client[23] quit!
2022-06-04 16:09:29.700508 [info] : Client[23](0.0.0.0:0) quit, UserCount:4
2022-06-04 16:09:29.718754 [debug]: [GET], [/images/instagram-image1.jpg], [1.1]
2022-06-04 16:09:29.718810 [debug]: /images/instagram-image1.jpg
2022-06-04 16:09:29.718853 [debug]: file path /root/Job/MyWebServer/resources//images/instagram-image1.jpg
2022-06-04 16:09:29.718873 [debug]: filesize:75836, 2  to 75960
2022-06-04 16:09:29.719391 [debug]: [GET], [/images/instagram-image2.jpg], [1.1]
2022-06-04 16:09:29.719401 [debug]: /images/instagram-image2.jpg
2022-06-04 16:09:29.719433 [debug]: file path /root/Job/MyWebServer/resources//images/instagram-image2.jpg
2022-06-04 16:09:29.719445 [debug]: filesize:67313, 2  to 67437
2022-06-04 16:09:29.763119 [debug]: [GET], [/images/instagram-image3.jpg], [1.1]
2022-06-04 16:09:29.763186 [debug]: /images/instagram-image3.jpg
2022-06-04 16:09:29.763249 [debug]: file path /root/Job/MyWebServer/resources//images/instagram-image3.jpg
2022-06-04 16:09:29.763270 [debug]: filesize:59528, 2  to 59652
2022-06-04 16:09:29.770990 [debug]: [GET], [/images/instagram-image4.jpg], [1.1]
2022-06-04 16:09:29.771036 [debug]: /images/instagram-image4.jpg
2022-06-04 16:09:29.771088 [debug]: file path /root/Job/MyWebServer/resources//images/instagram-image4.jpg
2022-06-04 16:09:29.771108 [debug]: filesize:103418, 2  to 103543
2022-06-04 16:09:29.797869 [info] : Client[23](0.0.0.0:0) in, userCount:5
2022-06-04 16:09:29.797954 [info] : Client[23] in!
2022-06-04 16:09:29.808659 [debug]: [GET], [/images/instagram-image5.jpg], [1.1]
2022-06-04 16:09:29.808727 [debug]: /images/instagram-image5.jpg
2022-06-04 16:09:29.808755 [debug]: file path /root/Job/MyWebServer/resources//images/instagram-image5.jpg
2022-06-04 16:09:29.808781 [debug]: filesize:49545, 2  to 49669
2022-06-04 16:10:29.777805 [info] : Client[22] quit!
2022-06-04 16:10:29.777972 [info] : Client[22](0.0.0.0:0) quit, UserCount:4
2022-06-04 16:10:29.777983 [info] : Client[19] quit!
2022-06-04 16:10:29.778010 [info] : Client[19](0.0.0.0:0) quit, UserCount:3
2022-06-04 16:10:29.778015 [info] : Client[21] quit!
2022-06-04 16:10:29.778035 [info] : Client[21](0.0.0.0:0) quit, UserCount:2
2022-06-04 16:10:29.778042 [info] : Client[20] quit!
2022-06-04 16:10:29.778063 [info] : Client[20](0.0.0.0:0) quit, UserCount:1
2022-06-04 16:10:29.808143 [info] : Client[23] quit!
2022-06-04 16:10:29.808286 [info] : Client[23](0.0.0.0:0) quit, UserCount:0
2022-06-04 16:15:38.167454 [info] : Client[19](0.0.0.0:0) in, userCount:1
2022-06-04 16:15:38.167529 [info] : Client[19] in!
2022-06-04 16:15:38.167937 [debug]: [GET], [/index.html], [1.1]
2022-06-04 16:15:38.167953 [debug]: /index.html
2022-06-04 16:15:38.167972 [debug]: file path /root/Job/MyWebServer/resources//index.html
2022-06-04 16:15:38.167992 [debug]: filesize:1234, 2  to 1319
2022-06-04 16:15:38.168032 [info] : Client[19] quit!
2022-06-04 16:15:38.168080 [info] : Client[19](0.0.0.0:0) quit, UserCount:0
2022-06-04 16:16:38.226607 [info] : Client[19] quit!
2022-06-04 16:20:41.313913 [info] : Client[19](0.0.0.0:0) in, userCount:1
2022-06-04 16:20:41.314003 [info] : Client[19] in!
2022-06-04 16:20:41.314554 [debug]: [GET], [/index.html], [1.1]
2022-06-04 16:20:41.314571 [debug]: /index.html
2022-06-04 16:20:41.314591 [debug]: file path /root/Job/MyWebServer/resources//index.html
2022-06-04 16:20:41.314612 [debug]: filesize:1234, 2  to 1319
2022-06-04 16:20:41.314654 [info] : Client[19] quit!
2022-06-04 16:20:41.314715 [info] : Client[19](0.0.0.0:0) quit, UserCount:0
2022-06-04 16:21:04.880226 [info] : Client[19](0.0.0.0:0) in, userCount:1
2022-06-04 16:21:04.880320 [info] : Client[19] in!
2022-06-04 16:21:04.880398 [info] : Client[20](0.0.0.0:0) in, userCount:2
2022-06-04 16:21:04.880417 [info] : Client[20] in!
2022-06-04 16:21:04.890648 [debug]: [GET], [/picture.html], [1.1]
2022-06-04 16:21:04.890684 [debug]: /picture.html
2022-06-04 16:21:04.890707 [debug]: file path /root/Job/MyWebServer/resources//picture.html
2022-06-04 16:21:04.890728 [debug]: filesize:1849, 2  to 1971
2022-06-04 16:21:05.050695 [debug]: [GET], [/images/instagram-image1.jpg], [1.1]
2022-06-04 16:21:05.050763 [debug]: /images/instagram-image1.jpg
2022-06-04 16:21:05.050805 [debug]: file path /root/Job/MyWebServer/resources//images/instagram-image1.jpg
2022-06-04 16:21:05.050829 [debug]: filesize:23485, 2  to 23609
2022-06-04 16:21:05.051329 [debug]: [GET], [/images/instagram-image2.jpg], [1.1]
2022-06-04 16:21:05.051343 [debug]: /images/instagram-image2.jpg
2022-06-04 16:21:05.051355 [debug]: file path /root/Job/MyWebServer/resources//images/instagram-image2.jpg
2022-06-04 16:21:05.051385 [debug]: filesize:932154, 2  to 932279
2022-06-04 16:21:05.098437 [info] : Client[21](0.0.0.0:0) in, userCount:3
2022-06-04 16:21:05.098527 [info] : Client[21] in!
2022-06-04 16:21:05.112746 [info] : Client[22](0.0.0.0:0) in, userCount:4
2022-06-04 16:21:05.112810 [info] : Client[22] in!
2022-06-04 16:21:05.118137 [info] : Client[23](0.0.0.0:0) in, userCount:5
2022-06-04 16:21:05.118212 [info] : Client[23] in!
2022-06-04 16:21:05.122898 [debug]: [GET], [/images/instagram-image3.jpg], [1.1]
2022-06-04 16:21:05.122928 [debug]: /images/instagram-image3.jpg
2022-06-04 16:21:05.122951 [debug]: file path /root/Job/MyWebServer/resources//images/instagram-image3.jpg
2022-06-04 16:21:05.122979 [debug]: filesize:308034, 2  to 308159
2022-06-04 16:21:05.123537 [debug]: [GET], [/images/instagram-image4.jpg], [1.1]
2022-06-04 16:21:05.123554 [debug]: /images/instagram-image4.jpg
2022-06-04 16:21:05.123567 [debug]: file path /root/Job/MyWebServer/resources//images/instagram-image4.jpg
2022-06-04 16:21:05.123582 [debug]: filesize:211878, 2  to 212003
2022-06-04 16:21:05.128596 [debug]: [GET], [/images/instagram-image5.jpg], [1.1]
2022-06-04 16:21:05.128619 [debug]: /images/instagram-image5.jpg
2022-06-04 16:21:05.128635 [debug]: file path /root/Job/MyWebServer/resources//images/instagram-image5.jpg
2022-06-04 16:21:05.128651 [debug]: filesize:65598, 2  to 65722
2022-06-04 16:21:05.193007 [info] : Client[22] quit!
2022-06-04 16:21:05.193189 [info] : Client[22](0.0.0.0:0) quit, UserCount:4
2022-06-04 16:21:13.531028 [debug]: [GET], [/images/favicon.ico], [1.1]
2022-06-04 16:21:13.531103 [debug]: /images/favicon.ico
2022-06-04 16:21:13.531202 [debug]: file path /root/Job/MyWebServer/resources//images/favicon.ico
2022-06-04 16:21:13.531225 [debug]: filesize:10945, 2  to 11069
2022-06-04 16:22:05.101116 [info] : Client[19] quit!
2022-06-04 16:22:05.101269 [info] : Client[19](0.0.0.0:0) quit, UserCount:3
2022-06-04 16:22:05.123377 [info] : Client[22] quit!
2022-06-04 16:22:05.128510 [info] : Client[23] quit!
2022-06-04 16:22:05.128597 [info] : Client[23](0.0.0.0:0) quit, UserCount:2
2022-06-04 16:22:07.419656 [info] : Client[21] quit!
2022-06-04 16:22:07.419819 [info] : Client[21](0.0.0.0:0) quit, UserCount:1
